URL requested: /
URL requested: /subscribe
404 Not Found: /subscribe
URL requested: /products
URL requested: /contact
URL requested: /about
URL requested: /about
URL requested: /
URL requested: /
URL requested: /about
URL requested: /contact
URL requested: /products
URL requested: /
URL requested: /about
URL requested: /index.html
404 Not Found: /index.html
URL requested: /contact
URL requested: /index.html
404 Not Found: /index.html
URL requested: /products
URL requested: /index.html
404 Not Found: /index.html
URL requested: /index.html
404 Not Found: /index.html
URL requested: /products
URL requested: /index.html
404 Not Found: /index.html
URL requested: /index.html
404 Not Found: /index.html
URL requested: /products
URL requested: /index.html
404 Not Found: /index.html
URL requested: /index.html
404 Not Found: /index.html
URL requested: /index.html
404 Not Found: /index.html
URL requested: /products
URL requested: /index.html
404 Not Found: /index.html
URL requested: /
URL requested: /products
URL requested: /index.html
404 Not Found: /index.html
URL requested: /
URL requested: /weather
URL requested: /weather
URL requested: /weather
URL requested: /weather
URL requested: /
URL requested: /
URL requested: /
URL requested: /
URL requested: /
URL requested: /
URL requested: /
URL requested: /
URL requested: /
URL requested: /
URL requested: /
URL requested: /
URL requested: /
URL requested: /
URL requested: /contact
URL requested: /index.html
404 Not Found: /index.html
URL requested: /
URL requested: /about
404 Not Found: /about
URL requested: /contact
404 Not Found: /contact
URL requested: /products
404 Not Found: /products
URL requested: /weather
404 Not Found: /weather
URL requested: /products
404 Not Found: /products
URL requested: /about
404 Not Found: /about
URL requested: /products
404 Not Found: /products
URL requested: /products
URL requested: /contact
URL requested: /about
URL requested: /
URL requested: /products
URL requested: /services
URL requested: /subscribe
404 Not Found: /subscribe
URL requested: /weather
URL requested: /subscribe
404 Not Found: /subscribe
URL requested: /subscribe
404 Not Found: /subscribe
URL requested: /subscribe
404 Not Found: /subscribe
URL requested: /subscribe
URL requested: /weather
URL requested: /weather
URL requested: /
URL requested: /contact
URL requested: /about
URL requested: /
URL requested: /weather
URL requested: /about
URL requested: /
